{"F:\\Nodejs\\onlyfans-clone\\backend\\src\\constants\\database_procedure.ts": {"path":"F:\\Nodejs\\onlyfans-clone\\backend\\src\\constants\\database_procedure.ts","statementMap":{"0":{"start":{"line":1,"column":13},"end":{"line":5,"column":2}},"1":{"start":{"line":6,"column":13},"end":{"line":8,"column":2}},"2":{"start":{"line":10,"column":13},"end":{"line":17,"column":2}}},"fnMap":{},"branchMap":{},"s":{"0":1,"1":1,"2":1},"f":{},"b":{}}
,"F:\\Nodejs\\onlyfans-clone\\backend\\src\\utils\\buildProcedureQuery.ts": {"path":"F:\\Nodejs\\onlyfans-clone\\backend\\src\\utils\\buildProcedureQuery.ts","statementMap":{"0":{"start":{"line":1,"column":0},"end":{"line":1,"column":null}},"1":{"start":{"line":12,"column":35},"end":{"line":25,"column":1}},"2":{"start":{"line":16,"column":19},"end":{"line":16,"column":41}},"3":{"start":{"line":17,"column":2},"end":{"line":19,"column":null}},"4":{"start":{"line":18,"column":4},"end":{"line":18,"column":14}},"5":{"start":{"line":20,"column":2},"end":{"line":22,"column":null}},"6":{"start":{"line":21,"column":4},"end":{"line":21,"column":14}},"7":{"start":{"line":24,"column":2},"end":{"line":24,"column":113}},"8":{"start":{"line":12,"column":13},"end":{"line":12,"column":35}},"9":{"start":{"line":27,"column":41},"end":{"line":52,"column":1}},"10":{"start":{"line":31,"column":17},"end":{"line":31,"column":19}},"11":{"start":{"line":32,"column":17},"end":{"line":32,"column":18}},"12":{"start":{"line":33,"column":2},"end":{"line":44,"column":null}},"13":{"start":{"line":34,"column":4},"end":{"line":34,"column":33}},"14":{"start":{"line":35,"column":4},"end":{"line":35,"column":39}},"15":{"start":{"line":36,"column":9},"end":{"line":44,"column":null}},"16":{"start":{"line":37,"column":4},"end":{"line":37,"column":33}},"17":{"start":{"line":38,"column":4},"end":{"line":38,"column":51}},"18":{"start":{"line":39,"column":9},"end":{"line":44,"column":null}},"19":{"start":{"line":40,"column":4},"end":{"line":40,"column":33}},"20":{"start":{"line":41,"column":4},"end":{"line":41,"column":42}},"21":{"start":{"line":43,"column":4},"end":{"line":43,"column":14}},"22":{"start":{"line":46,"column":16},"end":{"line":48,"column":null}},"23":{"start":{"line":51,"column":2},"end":{"line":51,"column":null}},"24":{"start":{"line":27,"column":13},"end":{"line":27,"column":41}},"25":{"start":{"line":59,"column":32},"end":{"line":65,"column":1}},"26":{"start":{"line":60,"column":2},"end":{"line":64,"column":4}},"27":{"start":{"line":59,"column":13},"end":{"line":59,"column":32}}},"fnMap":{"0":{"name":"(anonymous_0)","decl":{"start":{"line":12,"column":35},"end":{"line":12,"column":null}},"loc":{"start":{"line":15,"column":13},"end":{"line":25,"column":1}}},"1":{"name":"(anonymous_1)","decl":{"start":{"line":27,"column":41},"end":{"line":27,"column":null}},"loc":{"start":{"line":30,"column":12},"end":{"line":52,"column":1}}},"2":{"name":"(anonymous_2)","decl":{"start":{"line":59,"column":32},"end":{"line":59,"column":33}},"loc":{"start":{"line":59,"column":67},"end":{"line":65,"column":1}}}},"branchMap":{"0":{"loc":{"start":{"line":17,"column":2},"end":{"line":19,"column":null}},"type":"if","locations":[{"start":{"line":17,"column":2},"end":{"line":19,"column":null}}]},"1":{"loc":{"start":{"line":20,"column":2},"end":{"line":22,"column":null}},"type":"if","locations":[{"start":{"line":20,"column":2},"end":{"line":22,"column":null}}]},"2":{"loc":{"start":{"line":20,"column":6},"end":{"line":20,"column":67}},"type":"binary-expr","locations":[{"start":{"line":20,"column":6},"end":{"line":20,"column":32}},{"start":{"line":20,"column":36},"end":{"line":20,"column":67}}]},"3":{"loc":{"start":{"line":33,"column":2},"end":{"line":44,"column":null}},"type":"if","locations":[{"start":{"line":33,"column":2},"end":{"line":44,"column":null}},{"start":{"line":36,"column":9},"end":{"line":44,"column":null}}]},"4":{"loc":{"start":{"line":36,"column":9},"end":{"line":44,"column":null}},"type":"if","locations":[{"start":{"line":36,"column":9},"end":{"line":44,"column":null}},{"start":{"line":39,"column":9},"end":{"line":44,"column":null}}]},"5":{"loc":{"start":{"line":39,"column":9},"end":{"line":44,"column":null}},"type":"if","locations":[{"start":{"line":39,"column":9},"end":{"line":44,"column":null}},{"start":{"line":42,"column":9},"end":{"line":44,"column":null}}]}},"s":{"0":1,"1":1,"2":12,"3":12,"4":2,"5":10,"6":5,"7":5,"8":1,"9":1,"10":5,"11":5,"12":5,"13":1,"14":1,"15":4,"16":1,"17":1,"18":3,"19":1,"20":1,"21":2,"22":3,"23":3,"24":1,"25":1,"26":1,"27":1},"f":{"0":12,"1":5,"2":1},"b":{"0":[2],"1":[5],"2":[10,7],"3":[1,4],"4":[1,3],"5":[1,2]}}
}
