TN:
SF:src\constants\database_procedure.ts
FNF:0
FNH:0
DA:1,1
DA:6,1
DA:10,1
LF:3
LH:3
BRF:0
BRH:0
end_of_record
TN:
SF:src\utils\buildProcedureQuery.ts
FN:12,(anonymous_0)
FN:27,(anonymous_1)
FN:59,(anonymous_2)
FNF:3
FNH:3
FNDA:12,(anonymous_0)
FNDA:5,(anonymous_1)
FNDA:1,(anonymous_2)
DA:1,1
DA:12,1
DA:16,12
DA:17,12
DA:18,2
DA:20,10
DA:21,5
DA:24,5
DA:27,1
DA:31,5
DA:32,5
DA:33,5
DA:34,1
DA:35,1
DA:36,4
DA:37,1
DA:38,1
DA:39,3
DA:40,1
DA:41,1
DA:43,2
DA:46,3
DA:51,3
DA:59,1
DA:60,1
LF:25
LH:25
BRDA:17,0,0,2
BRDA:20,1,0,5
BRDA:20,2,0,10
BRDA:20,2,1,7
BRDA:33,3,0,1
BRDA:33,3,1,4
BRDA:36,4,0,1
BRDA:36,4,1,3
BRDA:39,5,0,1
BRDA:39,5,1,2
BRF:10
BRH:10
end_of_record
